<?xml version="1.0" encoding="UTF-8"?>
<testsuite name="com.hackathon.alienweather.ExampleUnitTest" tests="1" skipped="0" failures="0" errors="0" timestamp="2025-08-08T23:06:57.208Z" hostname="LAPTOP-U45KV3RE" time="0.01">
  <properties/>
  <testcase name="addition_isCorrect" classname="com.hackathon.alienweather.ExampleUnitTest" time="0.01"/>
  <system-out><![CDATA[]]></system-out>
  <system-err><![CDATA[]]></system-err>
</testsuite>
